c:\users\matthew\documents\omega\omega\debug\vc140.pdb
c:\users\matthew\documents\omega\omega\debug\vc140.idb
c:\users\matthew\documents\omega\omega\debug\objects.obj
c:\users\matthew\documents\omega\omega\debug\omega.obj
c:\users\matthew\documents\omega\omega\debug\oncleanup.obj
c:\users\matthew\documents\omega\omega\debug\onrender.obj
c:\users\matthew\documents\omega\omega\debug\rendering.obj
c:\users\matthew\documents\omega\omega\debug\onevent.obj
c:\users\matthew\documents\omega\omega\debug\oninit.obj
c:\users\matthew\documents\omega\omega\debug\onloop.obj
c:\users\matthew\documents\omega\omega\debug\timer.obj
c:\users\matthew\documents\omega\omega\debug\camera.obj
c:\users\matthew\documents\omega\omega\debug\sprite.obj
c:\users\matthew\documents\omega\omega\debug\omega.ilk
c:\users\matthew\documents\omega\omega\debug\omega.exe
c:\users\matthew\documents\omega\omega\debug\omega.pdb
c:\users\matthew\documents\omega\omega\debug\omega.tlog\cl.command.1.tlog
c:\users\matthew\documents\omega\omega\debug\omega.tlog\cl.read.1.tlog
c:\users\matthew\documents\omega\omega\debug\omega.tlog\cl.write.1.tlog
c:\users\matthew\documents\omega\omega\debug\omega.tlog\link.command.1.tlog
c:\users\matthew\documents\omega\omega\debug\omega.tlog\link.read.1.tlog
c:\users\matthew\documents\omega\omega\debug\omega.tlog\link.write.1.tlog
